<?xml version="1.0" encoding="UTF-8"?>
<testng-results skipped="0" failed="0" ignored="0" total="1" passed="1">
  <reporter-output>
  </reporter-output>
  <suite name="Default suite" duration-ms="42577" started-at="2018-06-16T06:15:40Z" finished-at="2018-06-16T06:16:22Z">
    <groups>
    </groups>
    <test name="Default test" duration-ms="42577" started-at="2018-06-16T06:15:40Z" finished-at="2018-06-16T06:16:22Z">
      <class name="sampleGitTest.SampleGitTest">
        <test-method status="PASS" signature="logintest()[pri:0, instance:sampleGitTest.SampleGitTest@23d2a7e8]" name="logintest" duration-ms="42472" started-at="2018-06-16T06:15:40Z" finished-at="2018-06-16T06:16:22Z">
          <reporter-output>
          </reporter-output>
        </test-method> <!-- logintest -->
      </class> <!-- sampleGitTest.SampleGitTest -->
    </test> <!-- Default test -->
  </suite> <!-- Default suite -->
</testng-results>
